{"name": "Выход из аккаунта", "status": "broken", "statusDetails": {"message": "selenium.common.exceptions.TimeoutException: Message: \nStacktrace:\n\tGetHandleVerifier [0x0x7ff6690078d5+2802741]\n\tGetHandleVerifier [0x0x7ff668d6eb70+79568]\n\t(No symbol) [0x0x7ff668b0c0fa]\n\t(No symbol) [0x0x7ff668b62a96]\n\t(No symbol) [0x0x7ff668b62d4c]\n\t(No symbol) [0x0x7ff668bb6017]\n\t(No symbol) [0x0x7ff668b8accf]\n\t(No symbol) [0x0x7ff668bb2e24]\n\t(No symbol) [0x0x7ff668b8aa63]\n\t(No symbol) [0x0x7ff668b53c91]\n\t(No symbol) [0x0x7ff668b54a23]\n\tGetHandleVerifier [0x0x7ff669032ced+2979917]\n\tGetHandleVerifier [0x0x7ff66902d0f3+2956371]\n\tGetHandleVerifier [0x0x7ff66904acbd+3078173]\n\tGetHandleVerifier [0x0x7ff668d8836e+184014]\n\tGetHandleVerifier [0x0x7ff668d9024f+216495]\n\tGetHandleVerifier [0x0x7ff668d770c4+113700]\n\tGetHandleVerifier [0x0x7ff668d77279+114137]\n\tGetHandleVerifier [0x0x7ff668d5df78+10968]\n\tBaseThreadInitThunk [0x0x7ffa37da7374+20]\n\tRtlUserThreadStart [0x0x7ffa38e3cc91+33]", "trace": "self = <tests.test_user_profile.TestUserProfile object at 0x000001A26CDBF550>, driver = <selenium.webdriver.chrome.webdriver.WebDriver (session=\"f6c668a18a06e86a56a168b21a888418\")>\nregistered_user = {'email': 'test_user@example.com', 'name': 'Test User', 'password': 'password123'}\n\n    @allure.title(\"Выход из аккаунта\")\n    def test_logout(self, driver, registered_user):\n        main_page = MainPage(driver)\n        login_page = LoginPage(driver)\n        profile_page = ProfilePage(driver)\n    \n        main_page.go_to_site()\n        main_page.click_personal_account()\n        login_page.login(registered_user['email'], registered_user['password'])\n>       profile_page.click_logout()\n\ntests\\test_user_profile.py:44: \n_ _ _ _ _ _ _ _ _ _ _ _ _ _ _ _ _ _ _ _ _ _ _ _ _ _ _ _ _ _ _ _ _ _ _ _ _ _ _ _ _ _ _ _ _ _ _ _ _ _ _ _ _ _ _ _ _ _ _ _ _ _ _ _ _ _ _ _ _ _ _ _ _ _ _ _ _ _ _ _ _ _ _ _ _ _ _ _ _ _ _ _ _ _ _ _ _ _ _ _ _ _ _ _ _ _ _ _ _ _ _ _ _\nsrc\\pages\\profile_page.py:11: in click_logout\n    self.click(ProfilePageLocators.LOGOUT_BUTTON)\nsrc\\pages\\base_page.py:25: in click\n    element = self.find_element(locator, timeout)\nsrc\\pages\\base_page.py:15: in find_element\n    return WebDriverWait(self.driver, timeout).until(\n_ _ _ _ _ _ _ _ _ _ _ _ _ _ _ _ _ _ _ _ _ _ _ _ _ _ _ _ _ _ _ _ _ _ _ _ _ _ _ _ _ _ _ _ _ _ _ _ _ _ _ _ _ _ _ _ _ _ _ _ _ _ _ _ _ _ _ _ _ _ _ _ _ _ _ _ _ _ _ _ _ _ _ _ _ _ _ _ _ _ _ _ _ _ _ _ _ _ _ _ _ _ _ _ _ _ _ _ _ _ _ _ _\n\nself = <selenium.webdriver.support.wait.WebDriverWait (session=\"f6c668a18a06e86a56a168b21a888418\")>, method = <function visibility_of_element_located.<locals>._predicate at 0x000001A26D2296C0>, message = ''\n\n    def until(self, method: Callable[[D], Union[Literal[False], T]], message: str = \"\") -> T:\n        \"\"\"Calls the method provided with the driver as an argument until the \\\n        return value does not evaluate to ``False``.\n    \n        :param method: callable(WebDriver)\n        :param message: optional message for :exc:`TimeoutException`\n        :returns: the result of the last call to `method`\n        :raises: :exc:`selenium.common.exceptions.TimeoutException` if timeout occurs\n        \"\"\"\n        screen = None\n        stacktrace = None\n    \n        end_time = time.monotonic() + self._timeout\n        while True:\n            try:\n                value = method(self._driver)\n                if value:\n                    return value\n            except self._ignored_exceptions as exc:\n                screen = getattr(exc, \"screen\", None)\n                stacktrace = getattr(exc, \"stacktrace\", None)\n            time.sleep(self._poll)\n            if time.monotonic() > end_time:\n                break\n>       raise TimeoutException(message, screen, stacktrace)\nE       selenium.common.exceptions.TimeoutException: Message: \nE       Stacktrace:\nE       \tGetHandleVerifier [0x0x7ff6690078d5+2802741]\nE       \tGetHandleVerifier [0x0x7ff668d6eb70+79568]\nE       \t(No symbol) [0x0x7ff668b0c0fa]\nE       \t(No symbol) [0x0x7ff668b62a96]\nE       \t(No symbol) [0x0x7ff668b62d4c]\nE       \t(No symbol) [0x0x7ff668bb6017]\nE       \t(No symbol) [0x0x7ff668b8accf]\nE       \t(No symbol) [0x0x7ff668bb2e24]\nE       \t(No symbol) [0x0x7ff668b8aa63]\nE       \t(No symbol) [0x0x7ff668b53c91]\nE       \t(No symbol) [0x0x7ff668b54a23]\nE       \tGetHandleVerifier [0x0x7ff669032ced+2979917]\nE       \tGetHandleVerifier [0x0x7ff66902d0f3+2956371]\nE       \tGetHandleVerifier [0x0x7ff66904acbd+3078173]\nE       \tGetHandleVerifier [0x0x7ff668d8836e+184014]\nE       \tGetHandleVerifier [0x0x7ff668d9024f+216495]\nE       \tGetHandleVerifier [0x0x7ff668d770c4+113700]\nE       \tGetHandleVerifier [0x0x7ff668d77279+114137]\nE       \tGetHandleVerifier [0x0x7ff668d5df78+10968]\nE       \tBaseThreadInitThunk [0x0x7ffa37da7374+20]\nE       \tRtlUserThreadStart [0x0x7ffa38e3cc91+33]\n\n..\\Diplom_3\\Lib\\site-packages\\selenium\\webdriver\\support\\wait.py:105: TimeoutException"}, "parameters": [{"name": "driver", "value": "'chrome'"}], "start": 1756198534109, "stop": 1756198547780, "uuid": "82242f2e-7d05-42f4-bfdf-38ca6cc2964f", "historyId": "7b16d23a0cc98967462794b1ee1551ae", "testCaseId": "d68f0606c507b3df4345cd7fbac084cb", "fullName": "tests.test_user_profile.TestUserProfile#test_logout", "labels": [{"name": "feature", "value": "Личный кабинет"}, {"name": "parentSuite", "value": "tests"}, {"name": "suite", "value": "test_user_profile"}, {"name": "subSuite", "value": "TestUserProfile"}, {"name": "host", "value": "WIN-88DRHG89BG7"}, {"name": "thread", "value": "10700-MainThread"}, {"name": "framework", "value": "pytest"}, {"name": "language", "value": "cpython3"}, {"name": "package", "value": "tests.test_user_profile"}]}