{"name": "Переход в личный кабинет", "status": "failed", "statusDetails": {"message": "AssertionError: assert 'account' in 'https://stellarburgers.nomoreparties.site/login'\n +  where 'https://stellarburgers.nomoreparties.site/login' = <selenium.webdriver.chrome.webdriver.WebDriver (session=\"f02cd61bead394e6775418f5a951cd85\")>.current_url", "trace": "self = <tests.test_user_profile.TestUserProfile object at 0x000001EBDDA17250>, driver = <selenium.webdriver.chrome.webdriver.WebDriver (session=\"f02cd61bead394e6775418f5a951cd85\")>\nregistered_user = {'email': 'test_user@example.com', 'name': 'Test User', 'password': 'password123'}\n\n    @allure.title(\"Переход в личный кабинет\")\n    def test_navigate_to_personal_account(self, driver, registered_user):\n        main_page = MainPage(driver)\n        login_page = LoginPage(driver)\n    \n        main_page.go_to_site()\n        main_page.click_personal_account()\n        login_page.login(registered_user['email'], registered_user['password'])\n    \n>       assert \"account\" in driver.current_url\nE       assert 'account' in 'https://stellarburgers.nomoreparties.site/login'\nE        +  where 'https://stellarburgers.nomoreparties.site/login' = <selenium.webdriver.chrome.webdriver.WebDriver (session=\"f02cd61bead394e6775418f5a951cd85\")>.current_url\n\ntests\\test_user_profile.py:17: AssertionError"}, "parameters": [{"name": "driver", "value": "'chrome'"}], "start": 1756201078980, "stop": 1756201080876, "uuid": "5d25696d-a629-4eb9-9bb7-0d141b24ca2d", "historyId": "142aceeec60597d4f87d860d60dd1ccb", "testCaseId": "73caa306201ebf53c427a4a5221ee3e1", "fullName": "tests.test_user_profile.TestUserProfile#test_navigate_to_personal_account", "labels": [{"name": "feature", "value": "Личный кабинет"}, {"name": "parentSuite", "value": "tests"}, {"name": "suite", "value": "test_user_profile"}, {"name": "subSuite", "value": "TestUserProfile"}, {"name": "host", "value": "WIN-88DRHG89BG7"}, {"name": "thread", "value": "19224-MainThread"}, {"name": "framework", "value": "pytest"}, {"name": "language", "value": "cpython3"}, {"name": "package", "value": "tests.test_user_profile"}]}