{"name": "Оформление заказа авторизованным пользователем", "status": "broken", "statusDetails": {"message": "Exception: Element not found: ('xpath', \"//button[contains(text(),'Оформить заказ')]\")", "trace": "self = <src.pages.main_page.MainPage object at 0x000001EBDDA36D90>, locator = ('xpath', \"//button[contains(text(),'Оформить заказ')]\"), timeout = 10\n\n    def find_element(self, locator, timeout=10):\n        try:\n>           return WebDriverWait(self.driver, timeout).until(\n                EC.presence_of_element_located(locator)\n            )\n\nsrc\\pages\\base_page.py:17: \n_ _ _ _ _ _ _ _ _ _ _ _ _ _ _ _ _ _ _ _ _ _ _ _ _ _ _ _ _ _ _ _ _ _ _ _ _ _ _ _ _ _ _ _ _ _ _ _ _ _ _ _ _ _ _ _ _ _ _ _ _ _ _ _ _ _ _ _ _ _ _ _ _ _ _ _ _ _ _ _ _ _ _ _ _ _ _ _ _ _ _ _ _ _ _ _ _ _ _ _ _ _ _ _ _ _ _ _ _ _ _ _ _\n\nself = <selenium.webdriver.support.wait.WebDriverWait (session=\"372f5ecd-3ba6-46fd-a077-4d4ca66c224f\")>, method = <function presence_of_element_located.<locals>._predicate at 0x000001EBDDDCBD80>, message = ''\n\n    def until(self, method: Callable[[D], Union[Literal[False], T]], message: str = \"\") -> T:\n        \"\"\"Calls the method provided with the driver as an argument until the \\\n        return value does not evaluate to ``False``.\n    \n        :param method: callable(WebDriver)\n        :param message: optional message for :exc:`TimeoutException`\n        :returns: the result of the last call to `method`\n        :raises: :exc:`selenium.common.exceptions.TimeoutException` if timeout occurs\n        \"\"\"\n        screen = None\n        stacktrace = None\n    \n        end_time = time.monotonic() + self._timeout\n        while True:\n            try:\n                value = method(self._driver)\n                if value:\n                    return value\n            except self._ignored_exceptions as exc:\n                screen = getattr(exc, \"screen\", None)\n                stacktrace = getattr(exc, \"stacktrace\", None)\n            time.sleep(self._poll)\n            if time.monotonic() > end_time:\n                break\n>       raise TimeoutException(message, screen, stacktrace)\nE       selenium.common.exceptions.TimeoutException: Message: \nE       Stacktrace:\nE       RemoteError@chrome://remote/content/shared/RemoteError.sys.mjs:8:8\nE       WebDriverError@chrome://remote/content/shared/webdriver/Errors.sys.mjs:199:5\nE       NoSuchElementError@chrome://remote/content/shared/webdriver/Errors.sys.mjs:552:5\nE       dom.find/</<@chrome://remote/content/shared/DOM.sys.mjs:136:16\n\n..\\Diplom_3\\Lib\\site-packages\\selenium\\webdriver\\support\\wait.py:105: TimeoutException\n\nDuring handling of the above exception, another exception occurred:\n\nself = <tests.test_main_functionality.TestMainFunctionality object at 0x000001EBDDA12110>, driver = <selenium.webdriver.firefox.webdriver.WebDriver (session=\"372f5ecd-3ba6-46fd-a077-4d4ca66c224f\")>\nregistered_user = {'email': 'test_user@example.com', 'name': 'Test User', 'password': 'password123'}\n\n    @allure.title(\"Оформление заказа авторизованным пользователем\")\n    def test_make_order_authenticated(self, driver, registered_user):\n        main_page = MainPage(driver)\n        login_page = LoginPage(driver)\n    \n        main_page.go_to_site()\n        main_page.click_personal_account()\n        login_page.login(registered_user['email'], registered_user['password'])\n        main_page.go_to_site()\n>       main_page.click_order_button()\n\ntests\\test_main_functionality.py:49: \n_ _ _ _ _ _ _ _ _ _ _ _ _ _ _ _ _ _ _ _ _ _ _ _ _ _ _ _ _ _ _ _ _ _ _ _ _ _ _ _ _ _ _ _ _ _ _ _ _ _ _ _ _ _ _ _ _ _ _ _ _ _ _ _ _ _ _ _ _ _ _ _ _ _ _ _ _ _ _ _ _ _ _ _ _ _ _ _ _ _ _ _ _ _ _ _ _ _ _ _ _ _ _ _ _ _ _ _ _ _ _ _ _\nsrc\\pages\\main_page.py:32: in click_order_button\n    self.click(MainPageLocators.ORDER_BUTTON)\nsrc\\pages\\base_page.py:32: in click\n    element = self.find_element(locator, timeout)\n_ _ _ _ _ _ _ _ _ _ _ _ _ _ _ _ _ _ _ _ _ _ _ _ _ _ _ _ _ _ _ _ _ _ _ _ _ _ _ _ _ _ _ _ _ _ _ _ _ _ _ _ _ _ _ _ _ _ _ _ _ _ _ _ _ _ _ _ _ _ _ _ _ _ _ _ _ _ _ _ _ _ _ _ _ _ _ _ _ _ _ _ _ _ _ _ _ _ _ _ _ _ _ _ _ _ _ _ _ _ _ _ _\n\nself = <src.pages.main_page.MainPage object at 0x000001EBDDA36D90>, locator = ('xpath', \"//button[contains(text(),'Оформить заказ')]\"), timeout = 10\n\n    def find_element(self, locator, timeout=10):\n        try:\n            return WebDriverWait(self.driver, timeout).until(\n                EC.presence_of_element_located(locator)\n            )\n        except TimeoutException:\n>           raise Exception(f\"Element not found: {locator}\")\nE           Exception: Element not found: ('xpath', \"//button[contains(text(),'Оформить заказ')]\")\n\nsrc\\pages\\base_page.py:21: Exception"}, "parameters": [{"name": "driver", "value": "'firefox'"}], "start": 1756200923899, "stop": 1756200937851, "uuid": "1e888fc8-7a69-4e87-91eb-e2caa839373a", "historyId": "25eafd0cabfc6c29422bf0f31a78ee67", "testCaseId": "3f43f5e7f6e6f286e9fd53508c506539", "fullName": "tests.test_main_functionality.TestMainFunctionality#test_make_order_authenticated", "labels": [{"name": "feature", "value": "Основной функционал"}, {"name": "parentSuite", "value": "tests"}, {"name": "suite", "value": "test_main_functionality"}, {"name": "subSuite", "value": "TestMainFunctionality"}, {"name": "host", "value": "WIN-88DRHG89BG7"}, {"name": "thread", "value": "19224-MainThread"}, {"name": "framework", "value": "pytest"}, {"name": "language", "value": "cpython3"}, {"name": "package", "value": "tests.test_main_functionality"}]}